<?xml version="1.0" encoding="UTF-8"?>
<!-- Generated by org.testng.reporters.JUnitReportReporter -->
<testsuite hostname="Sanju" failures="0" tests="7" name="TestNG.example5_TestNGKeyword1_invocationCount" time="0.012" errors="0" timestamp="2023-06-06T20:47:11 IST" skipped="0">
  <testcase classname="TestNG.example5_TestNGKeyword1_invocationCount" name="TC1" time="0.000"/>
  <system-out>
    <![CDATA[--running TC1--]]>
  </system-out>
  <testcase classname="TestNG.example5_TestNGKeyword1_invocationCount" name="TC1" time="0.001"/>
  <system-out>
    <![CDATA[--running TC1--]]>
  </system-out>
  <testcase classname="TestNG.example5_TestNGKeyword1_invocationCount" name="TC1" time="0.001"/>
  <system-out>
    <![CDATA[--running TC1--]]>
  </system-out>
  <testcase classname="TestNG.example5_TestNGKeyword1_invocationCount" name="TC1" time="0.001"/>
  <system-out>
    <![CDATA[--running TC1--]]>
  </system-out>
  <testcase classname="TestNG.example5_TestNGKeyword1_invocationCount" name="TC1" time="0.000"/>
  <system-out>
    <![CDATA[--running TC1--]]>
  </system-out>
  <testcase classname="TestNG.example5_TestNGKeyword1_invocationCount" name="TC1" time="0.008"/>
  <system-out>
    <![CDATA[--running TC1--]]>
  </system-out>
  <testcase classname="TestNG.example5_TestNGKeyword1_invocationCount" name="TC1" time="0.001"/>
  <system-out>
    <![CDATA[--running TC1--]]>
  </system-out>
</testsuite> <!-- TestNG.example5_TestNGKeyword1_invocationCount -->
