<?xml version="1.0" encoding="UTF-8"?>
<!-- Generated by org.testng.reporters.JUnitReportReporter -->
<testsuite hostname="Sanju" failures="0" tests="3" name="TestNG.example3_EmailableReport" time="0.009" errors="0" timestamp="2023-06-05T20:59:41 IST" skipped="0">
  <testcase classname="TestNG.example3_EmailableReport" name="TC3" time="0.001"/>
  <system-out>
    <![CDATA[running TC3 test case]]>
  </system-out>
  <testcase classname="TestNG.example3_EmailableReport" name="TC1" time="0.007"/>
  <system-out>
    <![CDATA[running TC1 test case]]>
  </system-out>
  <testcase classname="TestNG.example3_EmailableReport" name="TC2" time="0.001"/>
  <system-out>
    <![CDATA[running TC2 test case]]>
  </system-out>
</testsuite> <!-- TestNG.example3_EmailableReport -->
